/usr/local/lsws/fcgi-bin/lswsgi_wrapper: line 18: /opt/alt/python310/bin/lswsgi: No such file or directory
/usr/local/lsws/fcgi-bin/lswsgi_wrapper: line 18: /opt/alt/python310/bin/lswsgi: No such file or directory
/usr/local/lsws/fcgi-bin/lswsgi_wrapper: line 18: /opt/alt/python310/bin/lswsgi: No such file or directory
/usr/local/lsws/fcgi-bin/lswsgi_wrapper: line 18: /opt/alt/python310/bin/lswsgi: No such file or directory
/usr/local/lsws/fcgi-bin/lswsgi_wrapper: line 18: /opt/alt/python310/bin/lswsgi: No such file or directory
/usr/local/lsws/fcgi-bin/lswsgi_wrapper: line 18: /opt/alt/python310/bin/lswsgi: No such file or directory
/usr/local/lsws/fcgi-bin/lswsgi_wrapper: line 18: /opt/alt/python310/bin/lswsgi: No such file or directory
/usr/local/lsws/fcgi-bin/lswsgi_wrapper: line 18: /opt/alt/python310/bin/lswsgi: No such file or directory
/usr/local/lsws/fcgi-bin/lswsgi_wrapper: line 18: /opt/alt/python310/bin/lswsgi: No such file or directory
/usr/local/lsws/fcgi-bin/lswsgi_wrapper: line 18: /opt/alt/python310/bin/lswsgi: No such file or directory
/usr/local/lsws/fcgi-bin/lswsgi_wrapper: line 18: /opt/alt/python310/bin/lswsgi: No such file or directory
/usr/local/lsws/fcgi-bin/lswsgi_wrapper: line 18: /opt/alt/python310/bin/lswsgi: No such file or directory
/usr/local/lsws/fcgi-bin/lswsgi_wrapper: line 18: /opt/alt/python310/bin/lswsgi: No such file or directory
/usr/local/lsws/fcgi-bin/lswsgi_wrapper: line 18: /opt/alt/python310/bin/lswsgi: No such file or directory
/usr/local/lsws/fcgi-bin/lswsgi_wrapper: line 18: /opt/alt/python310/bin/lswsgi: No such file or directory
/usr/local/lsws/fcgi-bin/lswsgi_wrapper: line 18: /opt/alt/python310/bin/lswsgi: No such file or directory
/usr/local/lsws/fcgi-bin/lswsgi_wrapper: line 18: /opt/alt/python310/bin/lswsgi: No such file or directory
/usr/local/lsws/fcgi-bin/lswsgi_wrapper: line 18: /opt/alt/python310/bin/lswsgi: No such file or directory
/usr/local/lsws/fcgi-bin/lswsgi_wrapper: line 18: /opt/alt/python310/bin/lswsgi: No such file or directory
/usr/local/lsws/fcgi-bin/lswsgi_wrapper: line 18: /opt/alt/python310/bin/lswsgi: No such file or directory
/usr/local/lsws/fcgi-bin/lswsgi_wrapper: line 18: /opt/alt/python310/bin/lswsgi: No such file or directory
/usr/local/lsws/fcgi-bin/lswsgi_wrapper: line 18: /opt/alt/python310/bin/lswsgi: No such file or directory
/usr/local/lsws/fcgi-bin/lswsgi_wrapper: line 18: /opt/alt/python310/bin/lswsgi: No such file or directory
/usr/local/lsws/fcgi-bin/lswsgi_wrapper: line 18: /opt/alt/python310/bin/lswsgi: No such file or directory
/usr/local/lsws/fcgi-bin/lswsgi_wrapper: line 18: /opt/alt/python310/bin/lswsgi: No such file or directory
/usr/local/lsws/fcgi-bin/lswsgi_wrapper: line 18: /opt/alt/python310/bin/lswsgi: No such file or directory
/usr/local/lsws/fcgi-bin/lswsgi_wrapper: line 18: /opt/alt/python310/bin/lswsgi: No such file or directory
/usr/local/lsws/fcgi-bin/lswsgi_wrapper: line 18: /opt/alt/python310/bin/lswsgi: No such file or directory
/usr/local/lsws/fcgi-bin/lswsgi_wrapper: line 18: /opt/alt/python310/bin/lswsgi: No such file or directory
/usr/local/lsws/fcgi-bin/lswsgi_wrapper: line 18: /opt/alt/python310/bin/lswsgi: No such file or directory
/usr/local/lsws/fcgi-bin/lswsgi_wrapper: line 18: /opt/alt/python310/bin/lswsgi: No such file or directory
/usr/local/lsws/fcgi-bin/lswsgi_wrapper: line 18: /opt/alt/python310/bin/lswsgi: No such file or directory
/usr/local/lsws/fcgi-bin/lswsgi_wrapper: line 18: /opt/alt/python310/bin/lswsgi: No such file or directory
/usr/local/lsws/fcgi-bin/lswsgi_wrapper: line 18: /opt/alt/python310/bin/lswsgi: No such file or directory
/usr/local/lsws/fcgi-bin/lswsgi_wrapper: line 18: /opt/alt/python310/bin/lswsgi: No such file or directory
/usr/local/lsws/fcgi-bin/lswsgi_wrapper: line 18: /opt/alt/python310/bin/lswsgi: No such file or directory
/usr/local/lsws/fcgi-bin/lswsgi_wrapper: line 18: /opt/alt/python310/bin/lswsgi: No such file or directory
/usr/local/lsws/fcgi-bin/lswsgi_wrapper: line 18: /opt/alt/python310/bin/lswsgi: No such file or directory
/usr/local/lsws/fcgi-bin/lswsgi_wrapper: line 18: /opt/alt/python310/bin/lswsgi: No such file or directory
/usr/local/lsws/fcgi-bin/lswsgi_wrapper: line 18: /opt/alt/python310/bin/lswsgi: No such file or directory
/usr/local/lsws/fcgi-bin/lswsgi_wrapper: line 18: /opt/alt/python310/bin/lswsgi: No such file or directory
/usr/local/lsws/fcgi-bin/lswsgi_wrapper: line 18: /opt/alt/python310/bin/lswsgi: No such file or directory
/usr/local/lsws/fcgi-bin/lswsgi_wrapper: line 18: /opt/alt/python310/bin/lswsgi: No such file or directory
/usr/local/lsws/fcgi-bin/lswsgi_wrapper: line 18: /opt/alt/python310/bin/lswsgi: No such file or directory
/usr/local/lsws/fcgi-bin/lswsgi_wrapper: line 18: /opt/alt/python310/bin/lswsgi: No such file or directory
/usr/local/lsws/fcgi-bin/lswsgi_wrapper: line 18: /opt/alt/python310/bin/lswsgi: No such file or directory
/usr/local/lsws/fcgi-bin/lswsgi_wrapper: line 18: /opt/alt/python310/bin/lswsgi: No such file or directory
/usr/local/lsws/fcgi-bin/lswsgi_wrapper: line 18: /opt/alt/python310/bin/lswsgi: No such file or directory
/usr/local/lsws/fcgi-bin/lswsgi_wrapper: line 18: /opt/alt/python310/bin/lswsgi: No such file or directory
/usr/local/lsws/fcgi-bin/lswsgi_wrapper: line 18: /opt/alt/python310/bin/lswsgi: No such file or directory
/usr/local/lsws/fcgi-bin/lswsgi_wrapper: line 18: /opt/alt/python310/bin/lswsgi: No such file or directory
/usr/local/lsws/fcgi-bin/lswsgi_wrapper: line 18: /opt/alt/python310/bin/lswsgi: No such file or directory
/usr/local/lsws/fcgi-bin/lswsgi_wrapper: line 18: /opt/alt/python310/bin/lswsgi: No such file or directory
/usr/local/lsws/fcgi-bin/lswsgi_wrapper: line 18: /opt/alt/python310/bin/lswsgi: No such file or directory
/usr/local/lsws/fcgi-bin/lswsgi_wrapper: line 18: /opt/alt/python310/bin/lswsgi: No such file or directory
/usr/local/lsws/fcgi-bin/lswsgi_wrapper: line 18: /opt/alt/python310/bin/lswsgi: No such file or directory
/usr/local/lsws/fcgi-bin/lswsgi_wrapper: line 18: /opt/alt/python310/bin/lswsgi: No such file or directory
/usr/local/lsws/fcgi-bin/lswsgi_wrapper: line 18: /opt/alt/python310/bin/lswsgi: No such file or directory
/usr/local/lsws/fcgi-bin/lswsgi_wrapper: line 18: /opt/alt/python310/bin/lswsgi: No such file or directory
/usr/local/lsws/fcgi-bin/lswsgi_wrapper: line 18: /opt/alt/python310/bin/lswsgi: No such file or directory
/usr/local/lsws/fcgi-bin/lswsgi_wrapper: line 18: /opt/alt/python310/bin/lswsgi: No such file or directory
/usr/local/lsws/fcgi-bin/lswsgi_wrapper: line 18: /opt/alt/python310/bin/lswsgi: No such file or directory
/usr/local/lsws/fcgi-bin/lswsgi_wrapper: line 18: /opt/alt/python310/bin/lswsgi: No such file or directory
/usr/local/lsws/fcgi-bin/lswsgi_wrapper: line 18: /opt/alt/python310/bin/lswsgi: No such file or directory
/usr/local/lsws/fcgi-bin/lswsgi_wrapper: line 18: /opt/alt/python310/bin/lswsgi: No such file or directory
/usr/local/lsws/fcgi-bin/lswsgi_wrapper: line 18: /opt/alt/python310/bin/lswsgi: No such file or directory
/usr/local/lsws/fcgi-bin/lswsgi_wrapper: line 18: /opt/alt/python310/bin/lswsgi: No such file or directory
/usr/local/lsws/fcgi-bin/lswsgi_wrapper: line 18: /opt/alt/python310/bin/lswsgi: No such file or directory
/usr/local/lsws/fcgi-bin/lswsgi_wrapper: line 18: /opt/alt/python310/bin/lswsgi: No such file or directory
/usr/local/lsws/fcgi-bin/lswsgi_wrapper: line 18: /opt/alt/python310/bin/lswsgi: No such file or directory
/usr/local/lsws/fcgi-bin/lswsgi_wrapper: line 18: /opt/alt/python310/bin/lswsgi: No such file or directory
/usr/local/lsws/fcgi-bin/lswsgi_wrapper: line 18: /opt/alt/python310/bin/lswsgi: No such file or directory
/usr/local/lsws/fcgi-bin/lswsgi_wrapper: line 18: /opt/alt/python310/bin/lswsgi: No such file or directory
/usr/local/lsws/fcgi-bin/lswsgi_wrapper: line 18: /opt/alt/python310/bin/lswsgi: No such file or directory
/usr/local/lsws/fcgi-bin/lswsgi_wrapper: line 18: /opt/alt/python310/bin/lswsgi: No such file or directory
/usr/local/lsws/fcgi-bin/lswsgi_wrapper: line 18: /opt/alt/python310/bin/lswsgi: No such file or directory
/usr/local/lsws/fcgi-bin/lswsgi_wrapper: line 18: /opt/alt/python310/bin/lswsgi: No such file or directory
/usr/local/lsws/fcgi-bin/lswsgi_wrapper: line 18: /opt/alt/python310/bin/lswsgi: No such file or directory
/usr/local/lsws/fcgi-bin/lswsgi_wrapper: line 18: /opt/alt/python310/bin/lswsgi: No such file or directory
/usr/local/lsws/fcgi-bin/lswsgi_wrapper: line 18: /opt/alt/python310/bin/lswsgi: No such file or directory
/usr/local/lsws/fcgi-bin/lswsgi_wrapper: line 18: /opt/alt/python310/bin/lswsgi: No such file or directory
/usr/local/lsws/fcgi-bin/lswsgi_wrapper: line 18: /opt/alt/python310/bin/lswsgi: No such file or directory
/usr/local/lsws/fcgi-bin/lswsgi_wrapper: line 18: /opt/alt/python310/bin/lswsgi: No such file or directory
/usr/local/lsws/fcgi-bin/lswsgi_wrapper: line 18: /opt/alt/python310/bin/lswsgi: No such file or directory
/usr/local/lsws/fcgi-bin/lswsgi_wrapper: line 18: /opt/alt/python310/bin/lswsgi: No such file or directory
/usr/local/lsws/fcgi-bin/lswsgi_wrapper: line 18: /opt/alt/python310/bin/lswsgi: No such file or directory
/usr/local/lsws/fcgi-bin/lswsgi_wrapper: line 18: /opt/alt/python310/bin/lswsgi: No such file or directory
/usr/local/lsws/fcgi-bin/lswsgi_wrapper: line 18: /opt/alt/python310/bin/lswsgi: No such file or directory
/usr/local/lsws/fcgi-bin/lswsgi_wrapper: line 18: /opt/alt/python310/bin/lswsgi: No such file or directory
/usr/local/lsws/fcgi-bin/lswsgi_wrapper: line 18: /opt/alt/python310/bin/lswsgi: No such file or directory
/usr/local/lsws/fcgi-bin/lswsgi_wrapper: line 18: /opt/alt/python310/bin/lswsgi: No such file or directory
/usr/local/lsws/fcgi-bin/lswsgi_wrapper: line 18: /opt/alt/python310/bin/lswsgi: No such file or directory
/usr/local/lsws/fcgi-bin/lswsgi_wrapper: line 18: /opt/alt/python310/bin/lswsgi: No such file or directory
/usr/local/lsws/fcgi-bin/lswsgi_wrapper: line 18: /opt/alt/python310/bin/lswsgi: No such file or directory
/usr/local/lsws/fcgi-bin/lswsgi_wrapper: line 18: /opt/alt/python310/bin/lswsgi: No such file or directory
/usr/local/lsws/fcgi-bin/lswsgi_wrapper: line 18: /opt/alt/python310/bin/lswsgi: No such file or directory
/usr/local/lsws/fcgi-bin/lswsgi_wrapper: line 18: /opt/alt/python310/bin/lswsgi: No such file or directory
/usr/local/lsws/fcgi-bin/lswsgi_wrapper: line 18: /opt/alt/python310/bin/lswsgi: No such file or directory
/usr/local/lsws/fcgi-bin/lswsgi_wrapper: line 18: /opt/alt/python310/bin/lswsgi: No such file or directory
/usr/local/lsws/fcgi-bin/lswsgi_wrapper: line 18: /opt/alt/python310/bin/lswsgi: No such file or directory
/usr/local/lsws/fcgi-bin/lswsgi_wrapper: line 18: /opt/alt/python310/bin/lswsgi: No such file or directory
/usr/local/lsws/fcgi-bin/lswsgi_wrapper: line 18: /opt/alt/python310/bin/lswsgi: No such file or directory
/usr/local/lsws/fcgi-bin/lswsgi_wrapper: line 18: /opt/alt/python310/bin/lswsgi: No such file or directory
/usr/local/lsws/fcgi-bin/lswsgi_wrapper: line 18: /opt/alt/python310/bin/lswsgi: No such file or directory
/usr/local/lsws/fcgi-bin/lswsgi_wrapper: line 18: /opt/alt/python310/bin/lswsgi: No such file or directory
/usr/local/lsws/fcgi-bin/lswsgi_wrapper: line 18: /opt/alt/python310/bin/lswsgi: No such file or directory
/usr/local/lsws/fcgi-bin/lswsgi_wrapper: line 18: /opt/alt/python310/bin/lswsgi: No such file or directory
/usr/local/lsws/fcgi-bin/lswsgi_wrapper: line 18: /opt/alt/python310/bin/lswsgi: No such file or directory
/usr/local/lsws/fcgi-bin/lswsgi_wrapper: line 18: /opt/alt/python310/bin/lswsgi: No such file or directory
/usr/local/lsws/fcgi-bin/lswsgi_wrapper: line 18: /opt/alt/python310/bin/lswsgi: No such file or directory
/usr/local/lsws/fcgi-bin/lswsgi_wrapper: line 18: /opt/alt/python310/bin/lswsgi: No such file or directory
/usr/local/lsws/fcgi-bin/lswsgi_wrapper: line 18: /opt/alt/python310/bin/lswsgi: No such file or directory
/usr/local/lsws/fcgi-bin/lswsgi_wrapper: line 18: /opt/alt/python310/bin/lswsgi: No such file or directory
/usr/local/lsws/fcgi-bin/lswsgi_wrapper: line 18: /opt/alt/python310/bin/lswsgi: No such file or directory
/usr/local/lsws/fcgi-bin/lswsgi_wrapper: line 18: /opt/alt/python310/bin/lswsgi: No such file or directory
/usr/local/lsws/fcgi-bin/lswsgi_wrapper: line 18: /opt/alt/python310/bin/lswsgi: No such file or directory
/usr/local/lsws/fcgi-bin/lswsgi_wrapper: line 18: /opt/alt/python310/bin/lswsgi: No such file or directory
/usr/local/lsws/fcgi-bin/lswsgi_wrapper: line 18: /opt/alt/python310/bin/lswsgi: No such file or directory
/usr/local/lsws/fcgi-bin/lswsgi_wrapper: line 18: /opt/alt/python310/bin/lswsgi: No such file or directory
/usr/local/lsws/fcgi-bin/lswsgi_wrapper: line 18: /opt/alt/python310/bin/lswsgi: No such file or directory
/usr/local/lsws/fcgi-bin/lswsgi_wrapper: line 18: /opt/alt/python310/bin/lswsgi: No such file or directory
/usr/local/lsws/fcgi-bin/lswsgi_wrapper: line 18: /opt/alt/python310/bin/lswsgi: No such file or directory
/usr/local/lsws/fcgi-bin/lswsgi_wrapper: line 18: /opt/alt/python310/bin/lswsgi: No such file or directory
/usr/local/lsws/fcgi-bin/lswsgi_wrapper: line 18: /opt/alt/python310/bin/lswsgi: No such file or directory
/usr/local/lsws/fcgi-bin/lswsgi_wrapper: line 18: /opt/alt/python310/bin/lswsgi: No such file or directory
/usr/local/lsws/fcgi-bin/lswsgi_wrapper: line 18: /opt/alt/python310/bin/lswsgi: No such file or directory
/usr/local/lsws/fcgi-bin/lswsgi_wrapper: line 18: /opt/alt/python310/bin/lswsgi: No such file or directory
/usr/local/lsws/fcgi-bin/lswsgi_wrapper: line 18: /opt/alt/python310/bin/lswsgi: No such file or directory
/usr/local/lsws/fcgi-bin/lswsgi_wrapper: line 18: /opt/alt/python310/bin/lswsgi: No such file or directory
/usr/local/lsws/fcgi-bin/lswsgi_wrapper: line 18: /opt/alt/python310/bin/lswsgi: No such file or directory
/usr/local/lsws/fcgi-bin/lswsgi_wrapper: line 18: /opt/alt/python310/bin/lswsgi: No such file or directory
/usr/local/lsws/fcgi-bin/lswsgi_wrapper: line 18: /opt/alt/python310/bin/lswsgi: No such file or directory
/usr/local/lsws/fcgi-bin/lswsgi_wrapper: line 18: /opt/alt/python310/bin/lswsgi: No such file or directory
/usr/local/lsws/fcgi-bin/lswsgi_wrapper: line 18: /opt/alt/python310/bin/lswsgi: No such file or directory
/usr/local/lsws/fcgi-bin/lswsgi_wrapper: line 18: /opt/alt/python310/bin/lswsgi: No such file or directory
/usr/local/lsws/fcgi-bin/lswsgi_wrapper: line 18: /opt/alt/python310/bin/lswsgi: No such file or directory
/usr/local/lsws/fcgi-bin/lswsgi_wrapper: line 18: /opt/alt/python310/bin/lswsgi: No such file or directory
/usr/local/lsws/fcgi-bin/lswsgi_wrapper: line 18: /opt/alt/python310/bin/lswsgi: No such file or directory
/usr/local/lsws/fcgi-bin/lswsgi_wrapper: line 18: /opt/alt/python310/bin/lswsgi: No such file or directory
/usr/local/lsws/fcgi-bin/lswsgi_wrapper: line 18: /opt/alt/python310/bin/lswsgi: No such file or directory
/usr/local/lsws/fcgi-bin/lswsgi_wrapper: line 18: /opt/alt/python310/bin/lswsgi: No such file or directory
/usr/local/lsws/fcgi-bin/lswsgi_wrapper: line 18: /opt/alt/python310/bin/lswsgi: No such file or directory
/usr/local/lsws/fcgi-bin/lswsgi_wrapper: line 18: /opt/alt/python310/bin/lswsgi: No such file or directory
/usr/local/lsws/fcgi-bin/lswsgi_wrapper: line 18: /opt/alt/python310/bin/lswsgi: No such file or directory
/usr/local/lsws/fcgi-bin/lswsgi_wrapper: line 18: /opt/alt/python310/bin/lswsgi: No such file or directory
/usr/local/lsws/fcgi-bin/lswsgi_wrapper: line 18: /opt/alt/python310/bin/lswsgi: No such file or directory
/usr/local/lsws/fcgi-bin/lswsgi_wrapper: line 18: /opt/alt/python310/bin/lswsgi: No such file or directory
/usr/local/lsws/fcgi-bin/lswsgi_wrapper: line 18: /opt/alt/python310/bin/lswsgi: No such file or directory
/usr/local/lsws/fcgi-bin/lswsgi_wrapper: line 18: /opt/alt/python310/bin/lswsgi: No such file or directory
/usr/local/lsws/fcgi-bin/lswsgi_wrapper: line 18: /opt/alt/python310/bin/lswsgi: No such file or directory
/usr/local/lsws/fcgi-bin/lswsgi_wrapper: line 18: /opt/alt/python310/bin/lswsgi: No such file or directory
/usr/local/lsws/fcgi-bin/lswsgi_wrapper: line 18: /opt/alt/python310/bin/lswsgi: No such file or directory
/usr/local/lsws/fcgi-bin/lswsgi_wrapper: line 18: /opt/alt/python310/bin/lswsgi: No such file or directory
/usr/local/lsws/fcgi-bin/lswsgi_wrapper: line 18: /opt/alt/python310/bin/lswsgi: No such file or directory
/usr/local/lsws/fcgi-bin/lswsgi_wrapper: line 18: /opt/alt/python310/bin/lswsgi: No such file or directory
/usr/local/lsws/fcgi-bin/lswsgi_wrapper: line 18: /opt/alt/python310/bin/lswsgi: No such file or directory
/usr/local/lsws/fcgi-bin/lswsgi_wrapper: line 18: /opt/alt/python310/bin/lswsgi: No such file or directory
/usr/local/lsws/fcgi-bin/lswsgi_wrapper: line 18: /opt/alt/python310/bin/lswsgi: No such file or directory
/usr/local/lsws/fcgi-bin/lswsgi_wrapper: line 18: /opt/alt/python310/bin/lswsgi: No such file or directory
/usr/local/lsws/fcgi-bin/lswsgi_wrapper: line 18: /opt/alt/python310/bin/lswsgi: No such file or directory
/usr/local/lsws/fcgi-bin/lswsgi_wrapper: line 18: /opt/alt/python310/bin/lswsgi: No such file or directory
/usr/local/lsws/fcgi-bin/lswsgi_wrapper: line 18: /opt/alt/python310/bin/lswsgi: No such file or directory
/usr/local/lsws/fcgi-bin/lswsgi_wrapper: line 18: /opt/alt/python310/bin/lswsgi: No such file or directory
/usr/local/lsws/fcgi-bin/lswsgi_wrapper: line 18: /opt/alt/python310/bin/lswsgi: No such file or directory
/usr/local/lsws/fcgi-bin/lswsgi_wrapper: line 18: /opt/alt/python310/bin/lswsgi: No such file or directory
/usr/local/lsws/fcgi-bin/lswsgi_wrapper: line 18: /opt/alt/python310/bin/lswsgi: No such file or directory
/usr/local/lsws/fcgi-bin/lswsgi_wrapper: line 18: /opt/alt/python310/bin/lswsgi: No such file or directory
/usr/local/lsws/fcgi-bin/lswsgi_wrapper: line 18: /opt/alt/python310/bin/lswsgi: No such file or directory
/usr/local/lsws/fcgi-bin/lswsgi_wrapper: line 18: /opt/alt/python310/bin/lswsgi: No such file or directory
/usr/local/lsws/fcgi-bin/lswsgi_wrapper: line 18: /opt/alt/python310/bin/lswsgi: No such file or directory
/usr/local/lsws/fcgi-bin/lswsgi_wrapper: line 18: /opt/alt/python310/bin/lswsgi: No such file or directory
/usr/local/lsws/fcgi-bin/lswsgi_wrapper: line 18: /opt/alt/python310/bin/lswsgi: No such file or directory
/usr/local/lsws/fcgi-bin/lswsgi_wrapper: line 18: /opt/alt/python310/bin/lswsgi: No such file or directory
/usr/local/lsws/fcgi-bin/lswsgi_wrapper: line 18: /opt/alt/python310/bin/lswsgi: No such file or directory
/usr/local/lsws/fcgi-bin/lswsgi_wrapper: line 18: /opt/alt/python310/bin/lswsgi: No such file or directory
/usr/local/lsws/fcgi-bin/lswsgi_wrapper: line 18: /opt/alt/python310/bin/lswsgi: No such file or directory
/usr/local/lsws/fcgi-bin/lswsgi_wrapper: line 18: /opt/alt/python310/bin/lswsgi: No such file or directory
/usr/local/lsws/fcgi-bin/lswsgi_wrapper: line 18: /opt/alt/python310/bin/lswsgi: No such file or directory
/usr/local/lsws/fcgi-bin/lswsgi_wrapper: line 18: /opt/alt/python310/bin/lswsgi: No such file or directory
/usr/local/lsws/fcgi-bin/lswsgi_wrapper: line 18: /opt/alt/python310/bin/lswsgi: No such file or directory
/usr/local/lsws/fcgi-bin/lswsgi_wrapper: line 18: /opt/alt/python310/bin/lswsgi: No such file or directory
/usr/local/lsws/fcgi-bin/lswsgi_wrapper: line 18: /opt/alt/python310/bin/lswsgi: No such file or directory
/usr/local/lsws/fcgi-bin/lswsgi_wrapper: line 18: /opt/alt/python310/bin/lswsgi: No such file or directory
/usr/local/lsws/fcgi-bin/lswsgi_wrapper: line 18: /opt/alt/python310/bin/lswsgi: No such file or directory
/usr/local/lsws/fcgi-bin/lswsgi_wrapper: line 18: /opt/alt/python310/bin/lswsgi: No such file or directory
/usr/local/lsws/fcgi-bin/lswsgi_wrapper: line 18: /opt/alt/python310/bin/lswsgi: No such file or directory
/usr/local/lsws/fcgi-bin/lswsgi_wrapper: line 18: /opt/alt/python310/bin/lswsgi: No such file or directory
/usr/local/lsws/fcgi-bin/lswsgi_wrapper: line 18: /opt/alt/python310/bin/lswsgi: No such file or directory
/usr/local/lsws/fcgi-bin/lswsgi_wrapper: line 18: /opt/alt/python310/bin/lswsgi: No such file or directory
/usr/local/lsws/fcgi-bin/lswsgi_wrapper: line 18: /opt/alt/python310/bin/lswsgi: No such file or directory
/usr/local/lsws/fcgi-bin/lswsgi_wrapper: line 18: /opt/alt/python310/bin/lswsgi: No such file or directory
/usr/local/lsws/fcgi-bin/lswsgi_wrapper: line 18: /opt/alt/python310/bin/lswsgi: No such file or directory
/usr/local/lsws/fcgi-bin/lswsgi_wrapper: line 18: /opt/alt/python310/bin/lswsgi: No such file or directory
/usr/local/lsws/fcgi-bin/lswsgi_wrapper: line 18: /opt/alt/python310/bin/lswsgi: No such file or directory
/usr/local/lsws/fcgi-bin/lswsgi_wrapper: line 18: /opt/alt/python310/bin/lswsgi: No such file or directory
/usr/local/lsws/fcgi-bin/lswsgi_wrapper: line 18: /opt/alt/python310/bin/lswsgi: No such file or directory
/usr/local/lsws/fcgi-bin/lswsgi_wrapper: line 18: /opt/alt/python310/bin/lswsgi: No such file or directory
/usr/local/lsws/fcgi-bin/lswsgi_wrapper: line 18: /opt/alt/python310/bin/lswsgi: No such file or directory
/usr/local/lsws/fcgi-bin/lswsgi_wrapper: line 18: /opt/alt/python310/bin/lswsgi: No such file or directory
/usr/local/lsws/fcgi-bin/lswsgi_wrapper: line 18: /opt/alt/python310/bin/lswsgi: No such file or directory
/usr/local/lsws/fcgi-bin/lswsgi_wrapper: line 18: /opt/alt/python310/bin/lswsgi: No such file or directory
/usr/local/lsws/fcgi-bin/lswsgi_wrapper: line 18: /opt/alt/python310/bin/lswsgi: No such file or directory
/usr/local/lsws/fcgi-bin/lswsgi_wrapper: line 18: /opt/alt/python310/bin/lswsgi: No such file or directory
/usr/local/lsws/fcgi-bin/lswsgi_wrapper: line 18: /opt/alt/python310/bin/lswsgi: No such file or directory
/usr/local/lsws/fcgi-bin/lswsgi_wrapper: line 18: /opt/alt/python310/bin/lswsgi: No such file or directory
/usr/local/lsws/fcgi-bin/lswsgi_wrapper: line 18: /opt/alt/python310/bin/lswsgi: No such file or directory
/usr/local/lsws/fcgi-bin/lswsgi_wrapper: line 18: /opt/alt/python310/bin/lswsgi: No such file or directory
/usr/local/lsws/fcgi-bin/lswsgi_wrapper: line 18: /opt/alt/python310/bin/lswsgi: No such file or directory
/usr/local/lsws/fcgi-bin/lswsgi_wrapper: line 18: /opt/alt/python310/bin/lswsgi: No such file or directory
/usr/local/lsws/fcgi-bin/lswsgi_wrapper: line 18: /opt/alt/python310/bin/lswsgi: No such file or directory
/usr/local/lsws/fcgi-bin/lswsgi_wrapper: line 18: /opt/alt/python310/bin/lswsgi: No such file or directory
/usr/local/lsws/fcgi-bin/lswsgi_wrapper: line 18: /opt/alt/python310/bin/lswsgi: No such file or directory
/usr/local/lsws/fcgi-bin/lswsgi_wrapper: line 18: /opt/alt/python310/bin/lswsgi: No such file or directory
/usr/local/lsws/fcgi-bin/lswsgi_wrapper: line 18: /opt/alt/python310/bin/lswsgi: No such file or directory
/usr/local/lsws/fcgi-bin/lswsgi_wrapper: line 18: /opt/alt/python310/bin/lswsgi: No such file or directory
/usr/local/lsws/fcgi-bin/lswsgi_wrapper: line 18: /opt/alt/python310/bin/lswsgi: No such file or directory
/usr/local/lsws/fcgi-bin/lswsgi_wrapper: line 18: /opt/alt/python310/bin/lswsgi: No such file or directory
/usr/local/lsws/fcgi-bin/lswsgi_wrapper: line 18: /opt/alt/python310/bin/lswsgi: No such file or directory
/usr/local/lsws/fcgi-bin/lswsgi_wrapper: line 18: /opt/alt/python310/bin/lswsgi: No such file or directory
/usr/local/lsws/fcgi-bin/lswsgi_wrapper: line 18: /opt/alt/python310/bin/lswsgi: No such file or directory
/usr/local/lsws/fcgi-bin/lswsgi_wrapper: line 18: /opt/alt/python310/bin/lswsgi: No such file or directory
/usr/local/lsws/fcgi-bin/lswsgi_wrapper: line 18: /opt/alt/python310/bin/lswsgi: No such file or directory
/usr/local/lsws/fcgi-bin/lswsgi_wrapper: line 18: /opt/alt/python310/bin/lswsgi: No such file or directory
/usr/local/lsws/fcgi-bin/lswsgi_wrapper: line 18: /opt/alt/python310/bin/lswsgi: No such file or directory
/usr/local/lsws/fcgi-bin/lswsgi_wrapper: line 18: /opt/alt/python310/bin/lswsgi: No such file or directory
/usr/local/lsws/fcgi-bin/lswsgi_wrapper: line 18: /opt/alt/python310/bin/lswsgi: No such file or directory
/usr/local/lsws/fcgi-bin/lswsgi_wrapper: line 18: /opt/alt/python310/bin/lswsgi: No such file or directory
/usr/local/lsws/fcgi-bin/lswsgi_wrapper: line 18: /opt/alt/python310/bin/lswsgi: No such file or directory
/usr/local/lsws/fcgi-bin/lswsgi_wrapper: line 18: /opt/alt/python310/bin/lswsgi: No such file or directory
/usr/local/lsws/fcgi-bin/lswsgi_wrapper: line 18: /opt/alt/python310/bin/lswsgi: No such file or directory
/usr/local/lsws/fcgi-bin/lswsgi_wrapper: line 18: /opt/alt/python310/bin/lswsgi: No such file or directory
/usr/local/lsws/fcgi-bin/lswsgi_wrapper: line 18: /opt/alt/python310/bin/lswsgi: No such file or directory
/usr/local/lsws/fcgi-bin/lswsgi_wrapper: line 18: /opt/alt/python310/bin/lswsgi: No such file or directory
/usr/local/lsws/fcgi-bin/lswsgi_wrapper: line 18: /opt/alt/python310/bin/lswsgi: No such file or directory
/usr/local/lsws/fcgi-bin/lswsgi_wrapper: line 18: /opt/alt/python310/bin/lswsgi: No such file or directory
/usr/local/lsws/fcgi-bin/lswsgi_wrapper: line 18: /opt/alt/python310/bin/lswsgi: No such file or directory
/usr/local/lsws/fcgi-bin/lswsgi_wrapper: line 18: /opt/alt/python310/bin/lswsgi: No such file or directory
/usr/local/lsws/fcgi-bin/lswsgi_wrapper: line 18: /opt/alt/python310/bin/lswsgi: No such file or directory
/usr/local/lsws/fcgi-bin/lswsgi_wrapper: line 18: /opt/alt/python310/bin/lswsgi: No such file or directory
/usr/local/lsws/fcgi-bin/lswsgi_wrapper: line 18: /opt/alt/python310/bin/lswsgi: No such file or directory
/usr/local/lsws/fcgi-bin/lswsgi_wrapper: line 18: /opt/alt/python310/bin/lswsgi: No such file or directory
/usr/local/lsws/fcgi-bin/lswsgi_wrapper: line 18: /opt/alt/python310/bin/lswsgi: No such file or directory
/usr/local/lsws/fcgi-bin/lswsgi_wrapper: line 18: /opt/alt/python310/bin/lswsgi: No such file or directory
/usr/local/lsws/fcgi-bin/lswsgi_wrapper: line 18: /opt/alt/python310/bin/lswsgi: No such file or directory
/usr/local/lsws/fcgi-bin/lswsgi_wrapper: line 18: /opt/alt/python310/bin/lswsgi: No such file or directory
/usr/local/lsws/fcgi-bin/lswsgi_wrapper: line 18: /opt/alt/python310/bin/lswsgi: No such file or directory
/usr/local/lsws/fcgi-bin/lswsgi_wrapper: line 18: /opt/alt/python310/bin/lswsgi: No such file or directory
/usr/local/lsws/fcgi-bin/lswsgi_wrapper: line 18: /opt/alt/python310/bin/lswsgi: No such file or directory
/usr/local/lsws/fcgi-bin/lswsgi_wrapper: line 18: /opt/alt/python310/bin/lswsgi: No such file or directory
/usr/local/lsws/fcgi-bin/lswsgi_wrapper: line 18: /opt/alt/python310/bin/lswsgi: No such file or directory
/usr/local/lsws/fcgi-bin/lswsgi_wrapper: line 18: /opt/alt/python310/bin/lswsgi: No such file or directory
/usr/local/lsws/fcgi-bin/lswsgi_wrapper: line 18: /opt/alt/python310/bin/lswsgi: No such file or directory
/usr/local/lsws/fcgi-bin/lswsgi_wrapper: line 18: /opt/alt/python310/bin/lswsgi: No such file or directory
/usr/local/lsws/fcgi-bin/lswsgi_wrapper: line 18: /opt/alt/python310/bin/lswsgi: No such file or directory
/usr/local/lsws/fcgi-bin/lswsgi_wrapper: line 18: /opt/alt/python310/bin/lswsgi: No such file or directory
/usr/local/lsws/fcgi-bin/lswsgi_wrapper: line 18: /opt/alt/python310/bin/lswsgi: No such file or directory
/usr/local/lsws/fcgi-bin/lswsgi_wrapper: line 18: /opt/alt/python310/bin/lswsgi: No such file or directory
/usr/local/lsws/fcgi-bin/lswsgi_wrapper: line 18: /opt/alt/python310/bin/lswsgi: No such file or directory
/usr/local/lsws/fcgi-bin/lswsgi_wrapper: line 18: /opt/alt/python310/bin/lswsgi: No such file or directory
/usr/local/lsws/fcgi-bin/lswsgi_wrapper: line 18: /opt/alt/python310/bin/lswsgi: No such file or directory
/usr/local/lsws/fcgi-bin/lswsgi_wrapper: line 18: /opt/alt/python310/bin/lswsgi: No such file or directory
/usr/local/lsws/fcgi-bin/lswsgi_wrapper: line 18: /opt/alt/python310/bin/lswsgi: No such file or directory
/usr/local/lsws/fcgi-bin/lswsgi_wrapper: line 18: /opt/alt/python310/bin/lswsgi: No such file or directory
/usr/local/lsws/fcgi-bin/lswsgi_wrapper: line 18: /opt/alt/python310/bin/lswsgi: No such file or directory
/usr/local/lsws/fcgi-bin/lswsgi_wrapper: line 18: /opt/alt/python310/bin/lswsgi: No such file or directory
/usr/local/lsws/fcgi-bin/lswsgi_wrapper: line 18: /opt/alt/python310/bin/lswsgi: No such file or directory
/usr/local/lsws/fcgi-bin/lswsgi_wrapper: line 18: /opt/alt/python310/bin/lswsgi: No such file or directory
/usr/local/lsws/fcgi-bin/lswsgi_wrapper: line 18: /opt/alt/python310/bin/lswsgi: No such file or directory
/usr/local/lsws/fcgi-bin/lswsgi_wrapper: line 18: /opt/alt/python310/bin/lswsgi: No such file or directory
/usr/local/lsws/fcgi-bin/lswsgi_wrapper: line 18: /opt/alt/python310/bin/lswsgi: No such file or directory
/usr/local/lsws/fcgi-bin/lswsgi_wrapper: line 18: /opt/alt/python310/bin/lswsgi: No such file or directory
/usr/local/lsws/fcgi-bin/lswsgi_wrapper: line 18: /opt/alt/python310/bin/lswsgi: No such file or directory
/usr/local/lsws/fcgi-bin/lswsgi_wrapper: line 18: /opt/alt/python310/bin/lswsgi: No such file or directory
/usr/local/lsws/fcgi-bin/lswsgi_wrapper: line 18: /opt/alt/python310/bin/lswsgi: No such file or directory
/usr/local/lsws/fcgi-bin/lswsgi_wrapper: line 18: /opt/alt/python310/bin/lswsgi: No such file or directory
/usr/local/lsws/fcgi-bin/lswsgi_wrapper: line 18: /opt/alt/python310/bin/lswsgi: No such file or directory
/usr/local/lsws/fcgi-bin/lswsgi_wrapper: line 18: /opt/alt/python310/bin/lswsgi: No such file or directory
/usr/local/lsws/fcgi-bin/lswsgi_wrapper: line 18: /opt/alt/python310/bin/lswsgi: No such file or directory
/usr/local/lsws/fcgi-bin/lswsgi_wrapper: line 18: /opt/alt/python310/bin/lswsgi: No such file or directory
/usr/local/lsws/fcgi-bin/lswsgi_wrapper: line 18: /opt/alt/python310/bin/lswsgi: No such file or directory
/usr/local/lsws/fcgi-bin/lswsgi_wrapper: line 18: /opt/alt/python310/bin/lswsgi: No such file or directory
/usr/local/lsws/fcgi-bin/lswsgi_wrapper: line 18: /opt/alt/python310/bin/lswsgi: No such file or directory
/usr/local/lsws/fcgi-bin/lswsgi_wrapper: line 18: /opt/alt/python310/bin/lswsgi: No such file or directory
/usr/local/lsws/fcgi-bin/lswsgi_wrapper: line 18: /opt/alt/python310/bin/lswsgi: No such file or directory
/usr/local/lsws/fcgi-bin/lswsgi_wrapper: line 18: /opt/alt/python310/bin/lswsgi: No such file or directory
Traceback (most recent call last):
  File "/home/sporshodbms/sporsho/passenger_wsgi.py", line 1, in <module>
    from sporsho.wsgi import application
  File "/home/sporshodbms/sporsho/sporsho/wsgi.py", line 12, in <module>
    from django.core.wsgi import get_wsgi_application
ModuleNotFoundError: No module named 'django'
Traceback (most recent call last):
  File "/home/sporshodbms/sporsho/passenger_wsgi.py", line 1, in <module>
    from sporsho.wsgi import application
  File "/home/sporshodbms/sporsho/sporsho/wsgi.py", line 12, in <module>
    from django.core.wsgi import get_wsgi_application
ModuleNotFoundError: No module named 'django'
[UID:2286][3163638] Child process with pid: 3163867 was killed by signal: 15, core dumped: no
Invalid HTTP_HOST header: 'sporsho-dbms.com'. You may need to add 'sporsho-dbms.com' to ALLOWED_HOSTS.
Traceback (most recent call last):
  File "/home/sporshodbms/virtualenv/sporsho/3.10/lib/python3.10/site-packages/django/core/handlers/exception.py", line 55, in inner
    response = get_response(request)
  File "/home/sporshodbms/virtualenv/sporsho/3.10/lib/python3.10/site-packages/django/utils/deprecation.py", line 133, in __call__
    response = self.process_request(request)
  File "/home/sporshodbms/virtualenv/sporsho/3.10/lib/python3.10/site-packages/django/middleware/common.py", line 48, in process_request
    host = request.get_host()
  File "/home/sporshodbms/virtualenv/sporsho/3.10/lib/python3.10/site-packages/django/http/request.py", line 167, in get_host
    raise DisallowedHost(msg)
django.core.exceptions.DisallowedHost: Invalid HTTP_HOST header: 'sporsho-dbms.com'. You may need to add 'sporsho-dbms.com' to ALLOWED_HOSTS.
Bad Request: /
Invalid HTTP_HOST header: 'sporsho-dbms.com'. You may need to add 'sporsho-dbms.com' to ALLOWED_HOSTS.
Traceback (most recent call last):
  File "/home/sporshodbms/virtualenv/sporsho/3.10/lib/python3.10/site-packages/django/core/handlers/exception.py", line 55, in inner
    response = get_response(request)
  File "/home/sporshodbms/virtualenv/sporsho/3.10/lib/python3.10/site-packages/django/utils/deprecation.py", line 133, in __call__
    response = self.process_request(request)
  File "/home/sporshodbms/virtualenv/sporsho/3.10/lib/python3.10/site-packages/django/middleware/common.py", line 48, in process_request
    host = request.get_host()
  File "/home/sporshodbms/virtualenv/sporsho/3.10/lib/python3.10/site-packages/django/http/request.py", line 167, in get_host
    raise DisallowedHost(msg)
django.core.exceptions.DisallowedHost: Invalid HTTP_HOST header: 'sporsho-dbms.com'. You may need to add 'sporsho-dbms.com' to ALLOWED_HOSTS.
Bad Request: /
Invalid HTTP_HOST header: 'sporsho-dbms.com'. You may need to add 'sporsho-dbms.com' to ALLOWED_HOSTS.
Traceback (most recent call last):
  File "/home/sporshodbms/virtualenv/sporsho/3.10/lib/python3.10/site-packages/django/core/handlers/exception.py", line 55, in inner
    response = get_response(request)
  File "/home/sporshodbms/virtualenv/sporsho/3.10/lib/python3.10/site-packages/django/utils/deprecation.py", line 133, in __call__
    response = self.process_request(request)
  File "/home/sporshodbms/virtualenv/sporsho/3.10/lib/python3.10/site-packages/django/middleware/common.py", line 48, in process_request
    host = request.get_host()
  File "/home/sporshodbms/virtualenv/sporsho/3.10/lib/python3.10/site-packages/django/http/request.py", line 167, in get_host
    raise DisallowedHost(msg)
django.core.exceptions.DisallowedHost: Invalid HTTP_HOST header: 'sporsho-dbms.com'. You may need to add 'sporsho-dbms.com' to ALLOWED_HOSTS.
Bad Request: /favicon.ico
Invalid HTTP_HOST header: 'sporsho-dbms.com'. You may need to add 'sporsho-dbms.com' to ALLOWED_HOSTS.
Traceback (most recent call last):
  File "/home/sporshodbms/virtualenv/sporsho/3.10/lib/python3.10/site-packages/django/core/handlers/exception.py", line 55, in inner
    response = get_response(request)
  File "/home/sporshodbms/virtualenv/sporsho/3.10/lib/python3.10/site-packages/django/utils/deprecation.py", line 133, in __call__
    response = self.process_request(request)
  File "/home/sporshodbms/virtualenv/sporsho/3.10/lib/python3.10/site-packages/django/middleware/common.py", line 48, in process_request
    host = request.get_host()
  File "/home/sporshodbms/virtualenv/sporsho/3.10/lib/python3.10/site-packages/django/http/request.py", line 167, in get_host
    raise DisallowedHost(msg)
django.core.exceptions.DisallowedHost: Invalid HTTP_HOST header: 'sporsho-dbms.com'. You may need to add 'sporsho-dbms.com' to ALLOWED_HOSTS.
Bad Request: /
Invalid HTTP_HOST header: 'sporsho-dbms.com'. You may need to add 'sporsho-dbms.com' to ALLOWED_HOSTS.
Traceback (most recent call last):
  File "/home/sporshodbms/virtualenv/sporsho/3.10/lib/python3.10/site-packages/django/core/handlers/exception.py", line 55, in inner
    response = get_response(request)
  File "/home/sporshodbms/virtualenv/sporsho/3.10/lib/python3.10/site-packages/django/utils/deprecation.py", line 133, in __call__
    response = self.process_request(request)
  File "/home/sporshodbms/virtualenv/sporsho/3.10/lib/python3.10/site-packages/django/middleware/common.py", line 48, in process_request
    host = request.get_host()
  File "/home/sporshodbms/virtualenv/sporsho/3.10/lib/python3.10/site-packages/django/http/request.py", line 167, in get_host
    raise DisallowedHost(msg)
django.core.exceptions.DisallowedHost: Invalid HTTP_HOST header: 'sporsho-dbms.com'. You may need to add 'sporsho-dbms.com' to ALLOWED_HOSTS.
Bad Request: /favicon.ico
Not Found: /static/users/signup.css
Not Found: /static/users/Images/sporsho-white.png
Not Found: /favicon.ico
Not Found: /static/entrepreneur/navbar.css
Not Found: /static/entrepreneur/additional.css
Not Found: /static/users/Images/sporsho-Colored.png
Not Found: /static/entrepreneur/additional.css
Not Found: /static/entrepreneur/navbar.css
Not Found: /static/users/Images/sporsho-Colored.png
Not Found: /static/entrepreneur/navbar.css
Not Found: /static/entrepreneur/additional.css
Not Found: /static/users/Images/sporsho-Colored.png
Not Found: /favicon.ico
Not Found: /static/entrepreneur/navbar.css
Not Found: /static/users/Images/sporsho-Colored.png
Not Found: /static/entrepreneur/additional.css
Not Found: /static/users/Images/sporsho-Colored.png
Not Found: /static/entrepreneur/navbar.css
Not Found: /static/entrepreneur/additional.css
Not Found: /static/entrepreneur/additional.css
Not Found: /static/users/Images/sporsho-Colored.png
Not Found: /static/entrepreneur/navbar.css
Not Found: /static/users/Images/sporsho-white.png
Not Found: /static/users/signup.css
Not Found: /static/users/signup.css
Not Found: /static/users/Images/sporsho-white.png
Not Found: /static/users/Images/sporsho-white.png
Not Found: /static/users/signup.css
Not Found: /static/users/signup.css
Not Found: /static/users/Images/sporsho-white.png
Not Found: /static/users/Images/sporsho-white.png
Not Found: /static/users/signup.css
Not Found: /favicon.ico
Not Found: /wp-includes/wlwmanifest.xml
Not Found: /xmlrpc.php
Not Found: /blog/wp-includes/wlwmanifest.xml
Not Found: /web/wp-includes/wlwmanifest.xml
Not Found: /wordpress/wp-includes/wlwmanifest.xml
Not Found: /website/wp-includes/wlwmanifest.xml
Not Found: /wp/wp-includes/wlwmanifest.xml
Not Found: /news/wp-includes/wlwmanifest.xml
Not Found: /2020/wp-includes/wlwmanifest.xml
Not Found: /2019/wp-includes/wlwmanifest.xml
Not Found: /shop/wp-includes/wlwmanifest.xml
Not Found: /wp1/wp-includes/wlwmanifest.xml
Not Found: /test/wp-includes/wlwmanifest.xml
Not Found: /wp2/wp-includes/wlwmanifest.xml
Not Found: /site/wp-includes/wlwmanifest.xml
Not Found: /cms/wp-includes/wlwmanifest.xml
Not Found: /sito/wp-includes/wlwmanifest.xml
Not Found: /wp-includes/wlwmanifest.xml
Not Found: /xmlrpc.php
Not Found: /blog/wp-includes/wlwmanifest.xml
Not Found: /web/wp-includes/wlwmanifest.xml
Not Found: /wordpress/wp-includes/wlwmanifest.xml
Not Found: /website/wp-includes/wlwmanifest.xml
Not Found: /wp/wp-includes/wlwmanifest.xml
Not Found: /news/wp-includes/wlwmanifest.xml
Not Found: /2020/wp-includes/wlwmanifest.xml
Not Found: /2019/wp-includes/wlwmanifest.xml
Not Found: /shop/wp-includes/wlwmanifest.xml
Not Found: /wp1/wp-includes/wlwmanifest.xml
Not Found: /test/wp-includes/wlwmanifest.xml
Not Found: /wp2/wp-includes/wlwmanifest.xml
Not Found: /site/wp-includes/wlwmanifest.xml
Not Found: /cms/wp-includes/wlwmanifest.xml
Not Found: /sito/wp-includes/wlwmanifest.xml
Not Found: /static/users/signup.css
Not Found: /static/users/Images/sporsho-white.png
Not Found: /wp-login.php
Not Found: /static/users/signup.css
Not Found: /static/users/Images/sporsho-white.png
Not Found: /favicon.ico
Not Found: /robots.txt
Not Found: /humans.txt
Not Found: /ads.txt
Not Found: /favicon.ico
Not Found: /favicon.ico
Not Found: /favicon.ico
Not Found: /wp-includes/wlwmanifest.xml
Not Found: /xmlrpc.php
Not Found: /blog/wp-includes/wlwmanifest.xml
Not Found: /web/wp-includes/wlwmanifest.xml
Not Found: /wordpress/wp-includes/wlwmanifest.xml
Not Found: /website/wp-includes/wlwmanifest.xml
Not Found: /wp/wp-includes/wlwmanifest.xml
Not Found: /news/wp-includes/wlwmanifest.xml
Not Found: /2020/wp-includes/wlwmanifest.xml
Not Found: /2019/wp-includes/wlwmanifest.xml
Not Found: /shop/wp-includes/wlwmanifest.xml
Not Found: /wp1/wp-includes/wlwmanifest.xml
Not Found: /test/wp-includes/wlwmanifest.xml
Not Found: /wp2/wp-includes/wlwmanifest.xml
Not Found: /site/wp-includes/wlwmanifest.xml
Not Found: /cms/wp-includes/wlwmanifest.xml
Not Found: /sito/wp-includes/wlwmanifest.xml
Not Found: /wp-includes/ID3/license.txt
Not Found: /feed/
Not Found: /xmlrpc.php
Not Found: /blog/wp-includes/wlwmanifest.xml
Not Found: /web/wp-includes/wlwmanifest.xml
Not Found: /wordpress/wp-includes/wlwmanifest.xml
Not Found: /wp/wp-includes/wlwmanifest.xml
Not Found: /2020/wp-includes/wlwmanifest.xml
Not Found: /2019/wp-includes/wlwmanifest.xml
Not Found: /2021/wp-includes/wlwmanifest.xml
Not Found: /shop/wp-includes/wlwmanifest.xml
Not Found: /wp1/wp-includes/wlwmanifest.xml
Not Found: /test/wp-includes/wlwmanifest.xml
Not Found: /site/wp-includes/wlwmanifest.xml
Not Found: /cms/wp-includes/wlwmanifest.xml
Not Found: /wp-includes/wlwmanifest.xml
Not Found: /xmlrpc.php
Not Found: /blog/wp-includes/wlwmanifest.xml
Not Found: /web/wp-includes/wlwmanifest.xml
Not Found: /wordpress/wp-includes/wlwmanifest.xml
Not Found: /website/wp-includes/wlwmanifest.xml
Not Found: /wp/wp-includes/wlwmanifest.xml
Not Found: /news/wp-includes/wlwmanifest.xml
Not Found: /2020/wp-includes/wlwmanifest.xml
Not Found: /2019/wp-includes/wlwmanifest.xml
Not Found: /shop/wp-includes/wlwmanifest.xml
Not Found: /wp1/wp-includes/wlwmanifest.xml
Not Found: /test/wp-includes/wlwmanifest.xml
Not Found: /wp2/wp-includes/wlwmanifest.xml
Not Found: /site/wp-includes/wlwmanifest.xml
Not Found: /cms/wp-includes/wlwmanifest.xml
Not Found: /sito/wp-includes/wlwmanifest.xml
Not Found: /wp-content/updatess.php
Not Found: /alfa-rexx.php7
Not Found: /alfa-rexx.php
Not Found: /wp-content/themes/welfare-charity/www.php
Not Found: /wp-includes/wlwmanifest.xml
Not Found: /xmlrpc.php
Not Found: /blog/wp-includes/wlwmanifest.xml
Not Found: /web/wp-includes/wlwmanifest.xml
Not Found: /wordpress/wp-includes/wlwmanifest.xml
Not Found: /website/wp-includes/wlwmanifest.xml
Not Found: /wp/wp-includes/wlwmanifest.xml
Not Found: /news/wp-includes/wlwmanifest.xml
Not Found: /2020/wp-includes/wlwmanifest.xml
Not Found: /2019/wp-includes/wlwmanifest.xml
Not Found: /shop/wp-includes/wlwmanifest.xml
Not Found: /wp1/wp-includes/wlwmanifest.xml
Not Found: /test/wp-includes/wlwmanifest.xml
Not Found: /wp2/wp-includes/wlwmanifest.xml
Not Found: /site/wp-includes/wlwmanifest.xml
Not Found: /cms/wp-includes/wlwmanifest.xml
Not Found: /sito/wp-includes/wlwmanifest.xml
Invalid HTTP_HOST header: 'www.sporsho-dbms.com'. You may need to add 'www.sporsho-dbms.com' to ALLOWED_HOSTS.
Traceback (most recent call last):
  File "/home/sporshodbms/virtualenv/sporsho/3.10/lib/python3.10/site-packages/django/core/handlers/exception.py", line 55, in inner
    response = get_response(request)
  File "/home/sporshodbms/virtualenv/sporsho/3.10/lib/python3.10/site-packages/django/utils/deprecation.py", line 133, in __call__
    response = self.process_request(request)
  File "/home/sporshodbms/virtualenv/sporsho/3.10/lib/python3.10/site-packages/django/middleware/common.py", line 48, in process_request
    host = request.get_host()
  File "/home/sporshodbms/virtualenv/sporsho/3.10/lib/python3.10/site-packages/django/http/request.py", line 167, in get_host
    raise DisallowedHost(msg)
django.core.exceptions.DisallowedHost: Invalid HTTP_HOST header: 'www.sporsho-dbms.com'. You may need to add 'www.sporsho-dbms.com' to ALLOWED_HOSTS.
Bad Request: /
Not Found: /robots.txt
Not Found: /static/users/signup.css
Not Found: /favicon.ico
Not Found: /sitemap.xml
Not Found: /robots.txt
Not Found: /favicon.ico
Not Found: /sitemap.xml
Not Found: /robots.txt
Not Found: /favicon.ico
Not Found: /.env
Not Found: /wp-content/
Not Found: /wp-includes/wlwmanifest.xml
Not Found: /xmlrpc.php
Not Found: /blog/wp-includes/wlwmanifest.xml
Not Found: /web/wp-includes/wlwmanifest.xml
Not Found: /wordpress/wp-includes/wlwmanifest.xml
Not Found: /website/wp-includes/wlwmanifest.xml
Not Found: /wp/wp-includes/wlwmanifest.xml
Not Found: /news/wp-includes/wlwmanifest.xml
Not Found: /2020/wp-includes/wlwmanifest.xml
Not Found: /2019/wp-includes/wlwmanifest.xml
Not Found: /shop/wp-includes/wlwmanifest.xml
Not Found: /wp1/wp-includes/wlwmanifest.xml
Not Found: /test/wp-includes/wlwmanifest.xml
Not Found: /wp2/wp-includes/wlwmanifest.xml
Not Found: /site/wp-includes/wlwmanifest.xml
Not Found: /cms/wp-includes/wlwmanifest.xml
Not Found: /sito/wp-includes/wlwmanifest.xml
Not Found: /wp-includes/wlwmanifest.xml
Not Found: /xmlrpc.php
Not Found: /blog/wp-includes/wlwmanifest.xml
Not Found: /web/wp-includes/wlwmanifest.xml
Not Found: /wordpress/wp-includes/wlwmanifest.xml
Not Found: /website/wp-includes/wlwmanifest.xml
Not Found: /wp/wp-includes/wlwmanifest.xml
Not Found: /news/wp-includes/wlwmanifest.xml
Not Found: /2018/wp-includes/wlwmanifest.xml
Not Found: /2019/wp-includes/wlwmanifest.xml
Not Found: /shop/wp-includes/wlwmanifest.xml
Not Found: /wp1/wp-includes/wlwmanifest.xml
Not Found: /test/wp-includes/wlwmanifest.xml
Not Found: /media/wp-includes/wlwmanifest.xml
Not Found: /wp2/wp-includes/wlwmanifest.xml
Not Found: /site/wp-includes/wlwmanifest.xml
Not Found: /cms/wp-includes/wlwmanifest.xml
Not Found: /sito/wp-includes/wlwmanifest.xml
Not Found: /wp-login.php
Not Found: /static/users/signup.css
Not Found: /static/users/Images/sporsho-white.png
Not Found: /favicon.ico
Not Found: /static/users/signup.css
Not Found: /static/users/Images/sporsho-white.png
Not Found: /static/users/Images/sporsho-white.png
Not Found: /static/users/signup.css
Not Found: /static/users/Images/sporsho-white.png
Not Found: /static/users/signup.css
Not Found: /static/users/signup.css
Not Found: /static/users/Images/sporsho-white.png
Not Found: /favicon.ico
Not Found: /static/users/signup.css
Not Found: /static/users/Images/sporsho-white.png
Not Found: /static/users/signup.css
Not Found: /static/users/Images/sporsho-white.png
Not Found: /static/users/Images/sporsho-white.png
Not Found: /static/users/signup.css
Internal Server Error: /view_cow/1/
Traceback (most recent call last):
  File "/home/sporshodbms/virtualenv/sporsho/3.10/lib/python3.10/site-packages/django/core/handlers/exception.py", line 55, in inner
    response = get_response(request)
  File "/home/sporshodbms/virtualenv/sporsho/3.10/lib/python3.10/site-packages/django/core/handlers/base.py", line 197, in _get_response
    response = wrapped_callback(request, *callback_args, **callback_kwargs)
  File "/home/sporshodbms/sporsho/entrepreneur/views.py", line 161, in view_cow
    print(context['duplicate_cows'][0].updated_image)
  File "/home/sporshodbms/virtualenv/sporsho/3.10/lib/python3.10/site-packages/django/db/models/query.py", line 450, in __getitem__
    return qs._result_cache[0]
IndexError: list index out of range
Lalbabu
cow/p1.00_00_55_23.Still002.jpg
<tr>
    <th><label for="id_name_of_cow">Name:</label></th>
    <td>
      
      <input type="text" name="name_of_cow" value="Lalbabu" placeholder="Name of The Cow" class="form_box_inputs" maxlength="30" required id="id_name_of_cow">
      
      
    </td>
  </tr>

  <tr>
    <th><label for="id_purchase_date">Purchase date:</label></th>
    <td>
      
      <input type="date" name="purchase_date" value="2023-04-19" placeholder="Date of Purchase" class="form_box_inputs" required id="id_purchase_date">
      
      
    </td>
  </tr>

  <tr>
    <th><label for="id_breed">Breed:</label></th>
    <td>
      
      <input type="text" name="breed" value="Deshi" placeholder="Breed of the Cow" class="form_box_inputs" maxlength="20" required id="id_breed">
      
      
    </td>
  </tr>

  <tr>
    <th><label for="id_color">Color:</label></th>
    <td>
      
      <input type="text" name="color" value="White" placeholder="Color of the Cow" class="form_box_inputs" maxlength="15" required id="id_color">
      
      
    </td>
  </tr>

  <tr>
    <th><label for="id_weight">Weight:</label></th>
    <td>
      
      <input type="number" name="weight" value="123" placeholder="Weight of the Cow" class="form_box_inputs" required id="id_weight">
      
      
    </td>
  </tr>

  <tr>
    <th><label for="id_date_of_birth">Date of birth:</label></th>
    <td>
      
      <input type="date" name="date_of_birth" value="2021-06-16" class="form_box_inputs" required id="id_date_of_birth">
      
      
    </td>
  </tr>

  <tr>
    <th><label for="id_image">Image:</label></th>
    <td>
      
      <input type="file" name="image" placeholder="Image" class="form_box_inputs" accept="image/*" id="id_image">
      
      
    </td>
  </tr>

  <tr>
    <th><label for="id_owner">owner:</label></th>
    <td>
      
      <input type="text" name="owner" value="Md.Ettashamul Haque" class="form_box_inputs" maxlength="30" required id="id_owner">
      
      
        
      
    </td>
  </tr>
Lalbabu
Lalbabu
cow/p1.00_00_55_23.Still002.jpg
Lalbabu
cow/p1.00_00_55_23.Still002.jpg
[Errno 2] No such file or directory: '/home/sporshodbms/sporsho/static/users/Fonts/Product%20Sans%20Regular.ttf'
[Errno 2] No such file or directory: '/home/sporshodbms/sporsho/static/entrepreneur/Fonts/Product%20Sans%20Regular.ttf'
Lalbabu
cow/p1.00_00_55_23.Still002.jpg
[Errno 2] No such file or directory: '/home/sporshodbms/sporsho/static/entrepreneur/Fonts/Product%20Sans%20Regular.ttf'
[Errno 2] No such file or directory: '/home/sporshodbms/sporsho/static/entrepreneur/Fonts/Product%20Sans%20Regular.ttf'
[Errno 2] No such file or directory: '/home/sporshodbms/sporsho/static/entrepreneur/Fonts/Product%20Sans%20Regular.ttf'
[Errno 2] No such file or directory: '/home/sporshodbms/sporsho/static/entrepreneur/Fonts/Product%20Sans%20Regular.ttf'
Lalbabu
cow/p1.00_00_55_23.Still002.jpg
Lalbabu
cow/p1.00_00_55_23.Still002.jpg
[Errno 2] No such file or directory: '/home/sporshodbms/sporsho/static/users/Fonts/Product%20Sans%20Regular.ttf'
[Errno 2] No such file or directory: '/home/sporshodbms/sporsho/static/users/Fonts/Product%20Sans%20Regular.ttf'
[Errno 2] No such file or directory: '/home/sporshodbms/sporsho/static/users/Fonts/Product%20Sans%20Regular.ttf'
